<?xml version="1.0" encoding="UTF-8"?>
<!-- Generated by org.testng.reporters.JUnitReportReporter -->
<testsuite hostname="LAPTOP-LAKSHMI" failures="0" tests="1" name="com.CraftsVilla.FirstSareePurchase" time="14.147" errors="0" timestamp="2019-09-25T15:10:30 EDT" skipped="0">
  <testcase classname="com.CraftsVilla.FirstSareePurchase" name="SareePurchase" time="14.147"/>
</testsuite> <!-- com.CraftsVilla.FirstSareePurchase -->
