<?xml version="1.0" encoding="UTF-8"?>
<!-- Generated by org.testng.reporters.JUnitReportReporter -->
<testsuite hostname="LAPTOP-LAKSHMI" failures="0" tests="1" name="com.CraftsVilla.BaseClass" time="13.469" errors="0" timestamp="2019-09-25T14:34:01 EDT" skipped="0">
  <testcase classname="com.CraftsVilla.BaseClass" name="SearchBox" time="13.469"/>
</testsuite> <!-- com.CraftsVilla.BaseClass -->
